{"D:\\ProyectosProgramacion\\PROYECTO-GRUPO3\\servidor\\repositories\\reviews.repository.js": {"path":"D:\\ProyectosProgramacion\\PROYECTO-GRUPO3\\servidor\\repositories\\reviews.repository.js","statementMap":{"0":{"start":{"line":1,"column":29},"end":{"line":1,"column":49}},"1":{"start":{"line":5,"column":8},"end":{"line":18,"column":9}},"2":{"start":{"line":6,"column":12},"end":{"line":6,"column":59}},"3":{"start":{"line":7,"column":12},"end":{"line":14,"column":15}},"4":{"start":{"line":16,"column":12},"end":{"line":16,"column":54}},"5":{"start":{"line":17,"column":12},"end":{"line":17,"column":64}},"6":{"start":{"line":22,"column":8},"end":{"line":26,"column":9}},"7":{"start":{"line":23,"column":12},"end":{"line":23,"column":51}},"8":{"start":{"line":25,"column":12},"end":{"line":25,"column":85}},"9":{"start":{"line":31,"column":0},"end":{"line":31,"column":34}}},"fnMap":{"0":{"name":"(anonymous_0)","decl":{"start":{"line":4,"column":4},"end":{"line":4,"column":5}},"loc":{"start":{"line":4,"column":20},"end":{"line":19,"column":5}},"line":4},"1":{"name":"(anonymous_1)","decl":{"start":{"line":21,"column":4},"end":{"line":21,"column":5}},"loc":{"start":{"line":21,"column":29},"end":{"line":27,"column":5}},"line":21}},"branchMap":{},"s":{"0":1,"1":1,"2":1,"3":1,"4":1,"5":1,"6":0,"7":0,"8":0,"9":1},"f":{"0":1,"1":0},"b":{},"_coverageSchema":"1a1c01bbd47fc00a2c39e90264f33305004495a9","hash":"f032eeed616f043bf7c3e8162b2226e3941fae5e"}
}
