{"D:\\ProyectosProgramacion\\PROYECTO-GRUPO3\\servidor\\repositories\\reviews.repository.js": {"path":"D:\\ProyectosProgramacion\\PROYECTO-GRUPO3\\servidor\\repositories\\reviews.repository.js","statementMap":{"0":{"start":{"line":1,"column":29},"end":{"line":1,"column":49}},"1":{"start":{"line":5,"column":8},"end":{"line":16,"column":9}},"2":{"start":{"line":6,"column":12},"end":{"line":13,"column":15}},"3":{"start":{"line":15,"column":12},"end":{"line":15,"column":76}},"4":{"start":{"line":20,"column":8},"end":{"line":24,"column":9}},"5":{"start":{"line":21,"column":12},"end":{"line":21,"column":51}},"6":{"start":{"line":23,"column":12},"end":{"line":23,"column":85}},"7":{"start":{"line":28,"column":0},"end":{"line":28,"column":34}}},"fnMap":{"0":{"name":"(anonymous_0)","decl":{"start":{"line":4,"column":4},"end":{"line":4,"column":5}},"loc":{"start":{"line":4,"column":20},"end":{"line":17,"column":5}},"line":4},"1":{"name":"(anonymous_1)","decl":{"start":{"line":19,"column":4},"end":{"line":19,"column":5}},"loc":{"start":{"line":19,"column":29},"end":{"line":25,"column":5}},"line":19}},"branchMap":{},"s":{"0":1,"1":2,"2":2,"3":1,"4":2,"5":2,"6":1,"7":1},"f":{"0":2,"1":2},"b":{},"_coverageSchema":"1a1c01bbd47fc00a2c39e90264f33305004495a9","hash":"f391d1155d4606562f049b024c37e1e8e41dc108"}
}
